<?xml version="1.0" encoding="UTF-8"?>
<testng-results ignored="0" total="8" passed="8" failed="0" skipped="0">
  <reporter-output>
  </reporter-output>
  <suite started-at="2022-08-17T06:47:02Z" name="suite" finished-at="2022-08-17T06:47:39Z" duration-ms="36607">
    <groups>
    </groups>
    <test started-at="2022-08-17T06:47:02Z" name="Test" finished-at="2022-08-17T06:47:39Z" duration-ms="36607">
      <class name="TestLayer.Guru99Test">
        <test-method is-config="true" signature="initiation()[pri:0, instance:TestLayer.Guru99Test@60129b9a]" started-at="2022-08-17T06:47:03Z" name="initiation" finished-at="2022-08-17T06:47:15Z" duration-ms="11466" status="PASS">
          <reporter-output>
          </reporter-output>
        </test-method> <!-- initiation -->
        <test-method signature="sendValueIncontactInformation()[pri:2, instance:TestLayer.Guru99Test@60129b9a]" started-at="2022-08-17T06:47:15Z" name="sendValueIncontactInformation" finished-at="2022-08-17T06:47:16Z" duration-ms="1679" status="PASS">
          <reporter-output>
          </reporter-output>
        </test-method> <!-- sendValueIncontactInformation -->
        <test-method signature="sendValueInmailingInformation()[pri:3, instance:TestLayer.Guru99Test@60129b9a]" started-at="2022-08-17T06:47:17Z" name="sendValueInmailingInformation" finished-at="2022-08-17T06:47:17Z" duration-ms="602" status="PASS">
          <reporter-output>
          </reporter-output>
        </test-method> <!-- sendValueInmailingInformation -->
        <test-method signature="selectCountryfromDropDown()[pri:4, instance:TestLayer.Guru99Test@60129b9a]" started-at="2022-08-17T06:47:17Z" name="selectCountryfromDropDown" finished-at="2022-08-17T06:47:17Z" duration-ms="307" status="PASS">
          <reporter-output>
          </reporter-output>
        </test-method> <!-- selectCountryfromDropDown -->
        <test-method signature="validatecapturevalue()[pri:5, instance:TestLayer.Guru99Test@60129b9a]" started-at="2022-08-17T06:47:17Z" name="validatecapturevalue" finished-at="2022-08-17T06:47:20Z" duration-ms="2349" status="PASS">
          <reporter-output>
          </reporter-output>
        </test-method> <!-- validatecapturevalue -->
        <test-method signature="countsize()[pri:6, instance:TestLayer.Guru99Test@60129b9a]" started-at="2022-08-17T06:47:20Z" name="countsize" finished-at="2022-08-17T06:47:20Z" duration-ms="134" status="PASS">
          <reporter-output>
          </reporter-output>
        </test-method> <!-- countsize -->
        <test-method signature="captureAllDropvalue()[pri:7, instance:TestLayer.Guru99Test@60129b9a]" started-at="2022-08-17T06:47:20Z" name="captureAllDropvalue" finished-at="2022-08-17T06:47:20Z" duration-ms="171" status="PASS">
          <reporter-output>
          </reporter-output>
        </test-method> <!-- captureAllDropvalue -->
        <test-method signature="sendvalueuserInformation()[pri:8, instance:TestLayer.Guru99Test@60129b9a]" started-at="2022-08-17T06:47:20Z" name="sendvalueuserInformation" finished-at="2022-08-17T06:47:38Z" duration-ms="17872" status="PASS">
          <reporter-output>
          </reporter-output>
        </test-method> <!-- sendvalueuserInformation -->
        <test-method signature="capturescreenshot()[pri:9, instance:TestLayer.Guru99Test@60129b9a]" started-at="2022-08-17T06:47:38Z" name="capturescreenshot" finished-at="2022-08-17T06:47:39Z" duration-ms="874" status="PASS">
          <reporter-output>
          </reporter-output>
        </test-method> <!-- capturescreenshot -->
      </class> <!-- TestLayer.Guru99Test -->
    </test> <!-- Test -->
  </suite> <!-- suite -->
</testng-results>
