<?xml version="1.0" encoding="UTF-8"?>
<!-- Generated by org.testng.reporters.JUnitXMLReporter -->
<testsuite ignored="0" hostname="LAPTOP-0MIP3R60" failures="0" tests="8" name="Default test" time="35.846" errors="0" timestamp="17 Aug 2022 06:27:24 GMT">
  <testcase classname="TestLayer.Guru99Test" name="sendValueIncontactInformation" time="1.1"/>
  <testcase classname="TestLayer.Guru99Test" name="sendValueInmailingInformation" time="1.288"/>
  <testcase classname="TestLayer.Guru99Test" name="selectCountryfromDropDown" time="0.24"/>
  <testcase classname="TestLayer.Guru99Test" name="validatecapturevalue" time="2.091"/>
  <testcase classname="TestLayer.Guru99Test" name="countsize" time="0.129"/>
  <testcase classname="TestLayer.Guru99Test" name="captureAllDropvalue" time="0.104"/>
  <testcase classname="TestLayer.Guru99Test" name="sendvalueuserInformation" time="17.855"/>
  <testcase classname="TestLayer.Guru99Test" name="capturescreenshot" time="0.896"/>
</testsuite> <!-- Default test -->
